<?xml version="1.0" encoding="UTF-8"?>
<!-- Generated by org.testng.reporters.JUnitReportReporter -->
<testsuite hostname="DESKTOP-EQS02MH" failures="0" tests="1" name="TestMobile.SignUpTestScript" time="62.965" errors="0" timestamp="2023-12-19T10:05:16 IST" skipped="0">
  <testcase classname="TestMobile.SignUpTestScript" name="signUp" time="62.965"/>
</testsuite> <!-- TestMobile.SignUpTestScript -->
