<?xml version="1.0" encoding="UTF-8"?>
<!-- Generated by org.testng.reporters.JUnitReportReporter -->
<testsuite hostname="DESKTOP-EQS02MH" failures="0" tests="1" name="TestMobile.LoginTestScript" time="46.587" errors="0" timestamp="2023-12-19T12:14:51 IST" skipped="0">
  <testcase classname="TestMobile.LoginTestScript" name="login" time="46.587"/>
</testsuite> <!-- TestMobile.LoginTestScript -->
